WIDTH: 80, WIDTH: 80
id: 0 is a Mouse
id: 1 is a Cat
	findClosestMouse() if statement: -1
id: 2 is a Cat
	findClosestMouse() if statement: -1
id: 3 is a Cat
	findClosestMouse() if statement: -1
id: 4 is a Cat
	findClosestMouse() if statement: -1
id: 5 is a Cat
	findClosestMouse() if statement: -1
id: 0
73 43 b
id: 1
10 71 y
id: 2
76 78 y
id: 3
43 27 y
id: 4
24 34 y
id: 5
8 74 y
done 1
WIDTH: 80, WIDTH: 80
id: 0 is a Mouse
id: 1 is a Cat
	findClosestMouse() if statement: -1
id: 2 is a Cat
	findClosestMouse() if statement: -1
id: 3 is a Cat
	findClosestMouse() if statement: -1
id: 4 is a Cat
	findClosestMouse() if statement: -1
id: 5 is a Cat
	findClosestMouse() if statement: -1
id: 0
74 43 b
id: 1
8 71 y
id: 2
76 76 y
id: 3
43 29 y
id: 4
22 34 y
id: 5
6 74 y
done 2
WIDTH: 80, WIDTH: 80
id: 0 is a Mouse
id: 1 is a Cat
	findClosestMouse() if statement: -1
id: 2 is a Cat
	findClosestMouse() if statement: -1
id: 3 is a Cat
	findClosestMouse() if statement: -1
id: 4 is a Cat
	findClosestMouse() if statement: -1
id: 5 is a Cat
	findClosestMouse() if statement: -1
id: 0
75 43 b
id: 1
6 71 y
id: 2
76 74 y
id: 3
43 31 y
id: 4
20 34 y
id: 5
4 74 y
done 3
WIDTH: 80, WIDTH: 80
id: 0 is a Mouse
id: 1 is a Cat
	findClosestMouse() if statement: -1
id: 2 is a Cat
	findClosestMouse() if statement: -1
id: 3 is a Cat
	findClosestMouse() if statement: -1
id: 4 is a Cat
	findClosestMouse() if statement: -1
id: 5 is a Cat
	findClosestMouse() if statement: -1
id: 0
74 43 b
id: 1
4 71 y
id: 2
76 72 y
id: 3
43 33 y
id: 4
18 34 y
id: 5
2 74 y
done 4
WIDTH: 80, WIDTH: 80
id: 0 is a Mouse
id: 1 is a Cat
	findClosestMouse() if statement: -1
id: 2 is a Cat
	findClosestMouse() if statement: -1
id: 3 is a Cat
	findClosestMouse() if statement: -1
id: 4 is a Cat
	findClosestMouse() if statement: -1
id: 5 is a Cat
	findClosestMouse() if statement: -1
id: 0
74 42 b
id: 1
2 71 y
id: 2
76 70 y
id: 3
43 35 y
id: 4
16 34 y
id: 5
0 74 y
done 5
WIDTH: 80, WIDTH: 80
id: 0 is a Mouse
id: 1 is a Cat
	findClosestMouse() if statement: -1
id: 2 is a Cat
	findClosestMouse() if statement: -1
id: 3 is a Cat
	findClosestMouse() if statement: -1
id: 4 is a Cat
	findClosestMouse() if statement: -1
id: 5 is a Cat
	findClosestMouse() if statement: -1
id: 0
74 41 b
id: 1
0 71 y
id: 2
76 68 y
id: 3
43 37 y
id: 4
14 34 y
id: 5
78 74 y
done 6
WIDTH: 80, WIDTH: 80
id: 0 is a Mouse
id: 1 is a Cat
	findClosestMouse() if statement: -1
id: 2 is a Cat
	findClosestMouse() if statement: -1
id: 3 is a Cat
	findClosestMouse() if statement: -1
id: 4 is a Cat
	findClosestMouse() if statement: -1
id: 5 is a Cat
	findClosestMouse() if statement: -1
id: 0
74 40 b
id: 1
78 71 y
id: 2
76 66 y
id: 3
43 39 y
id: 4
12 34 y
id: 5
76 74 y
done 7
WIDTH: 80, WIDTH: 80
id: 0 is a Mouse
id: 1 is a Cat
	findClosestMouse() if statement: -1
id: 2 is a Cat
	findClosestMouse() if statement: -1
id: 3 is a Cat
	findClosestMouse() if statement: -1
id: 4 is a Cat
	findClosestMouse() if statement: -1
id: 5 is a Cat
	findClosestMouse() if statement: -1
id: 0
74 39 b
id: 1
76 71 y
id: 2
76 64 y
id: 3
43 41 y
id: 4
12 36 y
id: 5
74 74 y
done 8
WIDTH: 80, WIDTH: 80
id: 0 is a Mouse
id: 1 is a Cat
	findClosestMouse() if statement: -1
id: 2 is a Cat
	findClosestMouse() if statement: -1
id: 3 is a Cat
	findClosestMouse() if statement: -1
id: 4 is a Cat
	findClosestMouse() if statement: 18
BUG: mouseFound == false even if mouse is in distance.
DEBUG END: FOUND THE FAULT INSIDE findClosestMouse() for-loop, see variable mouseFound.
Last positions: 
74 38 b
74 71 y
76 62 y
43 43 y
12 38 c
74 72 y
